<?xml version="1.0" encoding="UTF-8"?>
<!-- Generated by org.testng.reporters.JUnitReportReporter -->
<testsuite hostname="DESKTOP-KL4K1GD" failures="0" tests="1" name="cucumberOptions.TestNGTestRunner" time="92.605" errors="0" timestamp="04 Jan 2024 15:25:11 GMT" skipped="0">
  <testcase classname="cucumberOptions.TestNGTestRunner" name="runScenario" time="92.605"/>
</testsuite> <!-- cucumberOptions.TestNGTestRunner -->
